<!DOCTYPE html PUBLIC "-//W3C//DTD XHTML 1.1//EN" "http://www.w3.org/TR/xhtml11/DTD/xhtml11.dtd">
<html xmlns="http://www.w3.org/1999/xhtml">
<head>
<meta http-equiv="content-type" content="text/html; charset=UTF-8"/>
<title>TestNG Report</title>
<style type="text/css">table {margin-bottom:10px;border-collapse:collapse;empty-cells:show}th,td {border:1px solid #009;padding:.25em .5em}th {vertical-align:bottom}td {vertical-align:top}table a {font-weight:bold}.stripe td {background-color: #E6EBF9}.num {text-align:right}.passedodd td {background-color: #3F3}.passedeven td {background-color: #0A0}.skippedodd td {background-color: #DDD}.skippedeven td {background-color: #CCC}.failedodd td,.attn {background-color: #F33}.failedeven td,.stripe .attn {background-color: #D00}.stacktrace {white-space:pre;font-family:monospace}.totop {font-size:85%;text-align:center;border-bottom:2px solid #000}.invisible {display:none}</style>
</head>
<body>
<table>
<tr><th>Test</th><th># Passed</th><th># Skipped</th><th># Failed</th><th>Time (ms)</th><th>Included Groups</th><th>Excluded Groups</th></tr>
<tr><th colspan="7">Hub Spot Regression Suite Parallel</th></tr>
<tr><td><a href="#t0">Regression Functional Regression Test - edge</a></td><td class="num">9</td><td class="num">0</td><td class="num">0</td><td class="num">68,267</td><td></td><td></td></tr>
<tr class="stripe"><td><a href="#t1">Regression Functional Regression Test - Firefox</a></td><td class="num">9</td><td class="num">0</td><td class="num attn">1</td><td class="num">82,017</td><td></td><td></td></tr>
<tr><td><a href="#t2">Regression Functional Regression Test - Chrome</a></td><td class="num">9</td><td class="num">0</td><td class="num">0</td><td class="num">113,298</td><td></td><td></td></tr>
<tr><th>Total</th><th class="num">27</th><th class="num">0</th><th class="num attn">1</th><th class="num">263,582</th><th colspan="2"></th></tr>
</table>
<table id='summary'><thead><tr><th>Class</th><th>Method</th><th>Start</th><th>Time (ms)</th></tr></thead><tbody><tr><th colspan="4">Hub Spot Regression Suite Parallel</th></tr></tbody><tbody id="t0"><tr><th colspan="4">Regression Functional Regression Test - edge &#8212; passed</th></tr><tr class="passedeven"><td rowspan="9">com.qa.hubspot.tests.LoginPageTest</td><td><a href="#m0">verifyEmailAndPasswordLabelText</a></td><td rowspan="1">1598912453226</td><td rowspan="1">1118</td></tr><tr class="passedeven"><td><a href="#m1">verifyFooterText</a></td><td rowspan="1">1598912464146</td><td rowspan="1">699</td></tr><tr class="passedeven"><td><a href="#m2">verifyForgotPasswordLink</a></td><td rowspan="1">1598912459515</td><td rowspan="1">578</td></tr><tr class="passedeven"><td><a href="#m3">verifyGoogleAndSSOBtn</a></td><td rowspan="1">1598912462475</td><td rowspan="1">1669</td></tr><tr class="passedeven"><td><a href="#m4">verifyLoginButtonIsDisabled</a></td><td rowspan="1">1598912460704</td><td rowspan="1">698</td></tr><tr class="passedeven"><td><a href="#m5">verifyLoginPageTitleTest</a></td><td rowspan="1">1598912422796</td><td rowspan="1">9446</td></tr><tr class="passedeven"><td><a href="#m6">verifyNoAccountText</a></td><td rowspan="1">1598912452541</td><td rowspan="1">682</td></tr><tr class="passedeven"><td><a href="#m7">verifyRememeberMeCheckBox</a></td><td rowspan="1">1598912460100</td><td rowspan="1">602</td></tr><tr class="passedeven"><td><a href="#m8">verifyShowAndHidePasswordLinkText</a></td><td rowspan="1">1598912454347</td><td rowspan="1">5162</td></tr></tbody>
<tbody id="t1"><tr><th colspan="4">Regression Functional Regression Test - Firefox &#8212; failed</th></tr><tr class="failedeven"><td rowspan="1">com.qa.hubspot.tests.LoginPageTest</td><td><a href="#m9">verifySignUpLinkTest</a></td><td rowspan="1">1598912441338</td><td rowspan="1">20013</td></tr><tr><th colspan="4">Regression Functional Regression Test - Firefox &#8212; passed</th></tr><tr class="passedeven"><td rowspan="9">com.qa.hubspot.tests.LoginPageTest</td><td><a href="#m10">verifyEmailAndPasswordLabelText</a></td><td rowspan="1">1598912463814</td><td rowspan="1">1097</td></tr><tr class="passedeven"><td><a href="#m11">verifyFooterText</a></td><td rowspan="1">1598912473485</td><td rowspan="1">502</td></tr><tr class="passedeven"><td><a href="#m12">verifyForgotPasswordLink</a></td><td rowspan="1">1598912470623</td><td rowspan="1">543</td></tr><tr class="passedeven"><td><a href="#m13">verifyGoogleAndSSOBtn</a></td><td rowspan="1">1598912472378</td><td rowspan="1">1105</td></tr><tr class="passedeven"><td><a href="#m14">verifyLoginButtonIsDisabled</a></td><td rowspan="1">1598912471671</td><td rowspan="1">705</td></tr><tr class="passedeven"><td><a href="#m15">verifyLoginPageTitleTest</a></td><td rowspan="1">1598912432677</td><td rowspan="1">8657</td></tr><tr class="passedeven"><td><a href="#m16">verifyNoAccountText</a></td><td rowspan="1">1598912462474</td><td rowspan="1">1337</td></tr><tr class="passedeven"><td><a href="#m17">verifyRememeberMeCheckBox</a></td><td rowspan="1">1598912471168</td><td rowspan="1">501</td></tr><tr class="passedeven"><td><a href="#m18">verifyShowAndHidePasswordLinkText</a></td><td rowspan="1">1598912464913</td><td rowspan="1">5706</td></tr></tbody>
<tbody id="t2"><tr><th colspan="4">Regression Functional Regression Test - Chrome &#8212; passed</th></tr><tr class="passedeven"><td rowspan="9">com.qa.hubspot.tests.LoginPageTest</td><td><a href="#m19">verifyEmailAndPasswordLabelText</a></td><td rowspan="1">1598912481022</td><td rowspan="1">1122</td></tr><tr class="passedeven"><td><a href="#m20">verifyFooterText</a></td><td rowspan="1">1598912508915</td><td rowspan="1">525</td></tr><tr class="passedeven"><td><a href="#m21">verifyForgotPasswordLink</a></td><td rowspan="1">1598912506089</td><td rowspan="1">540</td></tr><tr class="passedeven"><td><a href="#m22">verifyGoogleAndSSOBtn</a></td><td rowspan="1">1598912507850</td><td rowspan="1">1063</td></tr><tr class="passedeven"><td><a href="#m23">verifyLoginButtonIsDisabled</a></td><td rowspan="1">1598912507330</td><td rowspan="1">518</td></tr><tr class="passedeven"><td><a href="#m24">verifyLoginPageTitleTest</a></td><td rowspan="1">1598912419707</td><td rowspan="1">5111</td></tr><tr class="passedeven"><td><a href="#m25">verifyNoAccountText</a></td><td rowspan="1">1598912460779</td><td rowspan="1">660</td></tr><tr class="passedeven"><td><a href="#m26">verifyRememeberMeCheckBox</a></td><td rowspan="1">1598912506632</td><td rowspan="1">696</td></tr><tr class="passedeven"><td><a href="#m27">verifyShowAndHidePasswordLinkText</a></td><td rowspan="1">1598912501442</td><td rowspan="1">4645</td></tr></tbody>
</table>
<h2>Regression Functional Regression Test - edge</h2><h3 id="m0">com.qa.hubspot.tests.LoginPageTest#verifyEmailAndPasswordLabelText</h3><table class="result"><tr><th class="invisible"/></tr></table><p class="totop"><a href="#summary">back to summary</a></p>
<h3 id="m1">com.qa.hubspot.tests.LoginPageTest#verifyFooterText</h3><table class="result"><tr><th class="invisible"/></tr></table><p class="totop"><a href="#summary">back to summary</a></p>
<h3 id="m2">com.qa.hubspot.tests.LoginPageTest#verifyForgotPasswordLink</h3><table class="result"><tr><th class="invisible"/></tr></table><p class="totop"><a href="#summary">back to summary</a></p>
<h3 id="m3">com.qa.hubspot.tests.LoginPageTest#verifyGoogleAndSSOBtn</h3><table class="result"><tr><th class="invisible"/></tr></table><p class="totop"><a href="#summary">back to summary</a></p>
<h3 id="m4">com.qa.hubspot.tests.LoginPageTest#verifyLoginButtonIsDisabled</h3><table class="result"><tr><th class="invisible"/></tr></table><p class="totop"><a href="#summary">back to summary</a></p>
<h3 id="m5">com.qa.hubspot.tests.LoginPageTest#verifyLoginPageTitleTest</h3><table class="result"><tr><th class="invisible"/></tr></table><p class="totop"><a href="#summary">back to summary</a></p>
<h3 id="m6">com.qa.hubspot.tests.LoginPageTest#verifyNoAccountText</h3><table class="result"><tr><th class="invisible"/></tr></table><p class="totop"><a href="#summary">back to summary</a></p>
<h3 id="m7">com.qa.hubspot.tests.LoginPageTest#verifyRememeberMeCheckBox</h3><table class="result"><tr><th class="invisible"/></tr></table><p class="totop"><a href="#summary">back to summary</a></p>
<h3 id="m8">com.qa.hubspot.tests.LoginPageTest#verifyShowAndHidePasswordLinkText</h3><table class="result"><tr><th class="invisible"/></tr></table><p class="totop"><a href="#summary">back to summary</a></p>
<h2>Regression Functional Regression Test - Firefox</h2><h3 id="m9">com.qa.hubspot.tests.LoginPageTest#verifySignUpLinkTest</h3><table class="result"><tr><th>Exception</th></tr><tr><td><div class="stacktrace">org.openqa.selenium.TimeoutException: Expected condition failed: waiting for visibility of element located by By.linkText: Sign up111 (tried for 20 second(s) with 500 milliseconds interval)
	at org.openqa.selenium.support.ui.WebDriverWait.timeoutException(WebDriverWait.java:95)
	at org.openqa.selenium.support.ui.FluentWait.until(FluentWait.java:272)
	at com.qa.hubspot.util.ElementUtil.waitForElementVisible(ElementUtil.java:34)
	at com.qa.hubspot.page.LoginPage.checkSignUpLink(LoginPage.java:52)
	at com.qa.hubspot.tests.LoginPageTest.verifySignUpLinkTest(LoginPageTest.java:69)
	at sun.reflect.NativeMethodAccessorImpl.invoke0(Native Method)
	at sun.reflect.NativeMethodAccessorImpl.invoke(Unknown Source)
	at sun.reflect.DelegatingMethodAccessorImpl.invoke(Unknown Source)
	at java.lang.reflect.Method.invoke(Unknown Source)
	at org.testng.internal.MethodInvocationHelper.invokeMethod(MethodInvocationHelper.java:124)
	at org.testng.internal.Invoker.invokeMethod(Invoker.java:583)
	at org.testng.internal.Invoker.invokeTestMethod(Invoker.java:719)
	at org.testng.internal.Invoker.invokeTestMethods(Invoker.java:989)
	at org.testng.internal.TestMethodWorker.invokeTestMethods(TestMethodWorker.java:125)
	at org.testng.internal.TestMethodWorker.run(TestMethodWorker.java:109)
	at org.testng.TestRunner.privateRun(TestRunner.java:648)
	at org.testng.TestRunner.run(TestRunner.java:505)
	at org.testng.SuiteRunner.runTest(SuiteRunner.java:455)
	at org.testng.SuiteRunner.access$000(SuiteRunner.java:40)
	at org.testng.SuiteRunner$SuiteWorker.run(SuiteRunner.java:489)
	at org.testng.internal.thread.ThreadUtil$1.call(ThreadUtil.java:52)
	at java.util.concurrent.FutureTask.run(Unknown Source)
	at java.util.concurrent.ThreadPoolExecutor.runWorker(Unknown Source)
	at java.util.concurrent.ThreadPoolExecutor$Worker.run(Unknown Source)
	at java.lang.Thread.run(Unknown Source)
Caused by: org.openqa.selenium.NoSuchElementException: Unable to locate element: Sign up111
For documentation on this error, please visit: https://www.seleniumhq.org/exceptions/no_such_element.html
Build info: version: &apos;3.141.59&apos;, revision: &apos;e82be7d358&apos;, time: &apos;2018-11-14T08:17:03&apos;
System info: host: &apos;LENOVO-PC&apos;, ip: &apos;192.168.56.1&apos;, os.name: &apos;Windows 8.1&apos;, os.arch: &apos;amd64&apos;, os.version: &apos;6.3&apos;, java.version: &apos;1.8.0_241&apos;
Driver info: org.openqa.selenium.firefox.FirefoxDriver
Capabilities {acceptInsecureCerts: true, browserName: firefox, browserVersion: 80.0, javascriptEnabled: true, moz:accessibilityChecks: false, moz:buildID: 20200818235255, moz:geckodriverVersion: 0.27.0, moz:headless: false, moz:processID: 9560, moz:profile: C:\Users\Deepshikha\AppData..., moz:shutdownTimeout: 60000, moz:useNonSpecCompliantPointerOrigin: false, moz:webdriverClick: true, pageLoadStrategy: normal, platform: WINDOWS, platformName: WINDOWS, platformVersion: 6.3, rotatable: false, setWindowRect: true, strictFileInteractability: false, timeouts: {implicit: 0, pageLoad: 300000, script: 30000}, unhandledPromptBehavior: dismiss and notify}
Session ID: c8d59dcf-b928-471f-8c1c-57780b0a7539
*** Element info: {Using=link text, value=Sign up111}
	at sun.reflect.GeneratedConstructorAccessor23.newInstance(Unknown Source)
	at sun.reflect.DelegatingConstructorAccessorImpl.newInstance(Unknown Source)
	at java.lang.reflect.Constructor.newInstance(Unknown Source)
	at org.openqa.selenium.remote.http.W3CHttpResponseCodec.createException(W3CHttpResponseCodec.java:187)
	at org.openqa.selenium.remote.http.W3CHttpResponseCodec.decode(W3CHttpResponseCodec.java:122)
	at org.openqa.selenium.remote.http.W3CHttpResponseCodec.decode(W3CHttpResponseCodec.java:49)
	at org.openqa.selenium.remote.HttpCommandExecutor.execute(HttpCommandExecutor.java:158)
	at org.openqa.selenium.remote.service.DriverCommandExecutor.execute(DriverCommandExecutor.java:83)
	at org.openqa.selenium.remote.RemoteWebDriver.execute(RemoteWebDriver.java:552)
	at org.openqa.selenium.remote.RemoteWebDriver.findElement(RemoteWebDriver.java:323)
	at org.openqa.selenium.remote.RemoteWebDriver.findElementByLinkText(RemoteWebDriver.java:380)
	at org.openqa.selenium.By$ByLinkText.findElement(By.java:220)
	at org.openqa.selenium.remote.RemoteWebDriver.findElement(RemoteWebDriver.java:315)
	at org.openqa.selenium.support.ui.ExpectedConditions$7.apply(ExpectedConditions.java:205)
	at org.openqa.selenium.support.ui.ExpectedConditions$7.apply(ExpectedConditions.java:201)
	at org.openqa.selenium.support.ui.FluentWait.until(FluentWait.java:249)
	... 23 more
</div></td></tr></table><p class="totop"><a href="#summary">back to summary</a></p>
<h3 id="m10">com.qa.hubspot.tests.LoginPageTest#verifyEmailAndPasswordLabelText</h3><table class="result"><tr><th class="invisible"/></tr></table><p class="totop"><a href="#summary">back to summary</a></p>
<h3 id="m11">com.qa.hubspot.tests.LoginPageTest#verifyFooterText</h3><table class="result"><tr><th class="invisible"/></tr></table><p class="totop"><a href="#summary">back to summary</a></p>
<h3 id="m12">com.qa.hubspot.tests.LoginPageTest#verifyForgotPasswordLink</h3><table class="result"><tr><th class="invisible"/></tr></table><p class="totop"><a href="#summary">back to summary</a></p>
<h3 id="m13">com.qa.hubspot.tests.LoginPageTest#verifyGoogleAndSSOBtn</h3><table class="result"><tr><th class="invisible"/></tr></table><p class="totop"><a href="#summary">back to summary</a></p>
<h3 id="m14">com.qa.hubspot.tests.LoginPageTest#verifyLoginButtonIsDisabled</h3><table class="result"><tr><th class="invisible"/></tr></table><p class="totop"><a href="#summary">back to summary</a></p>
<h3 id="m15">com.qa.hubspot.tests.LoginPageTest#verifyLoginPageTitleTest</h3><table class="result"><tr><th class="invisible"/></tr></table><p class="totop"><a href="#summary">back to summary</a></p>
<h3 id="m16">com.qa.hubspot.tests.LoginPageTest#verifyNoAccountText</h3><table class="result"><tr><th class="invisible"/></tr></table><p class="totop"><a href="#summary">back to summary</a></p>
<h3 id="m17">com.qa.hubspot.tests.LoginPageTest#verifyRememeberMeCheckBox</h3><table class="result"><tr><th class="invisible"/></tr></table><p class="totop"><a href="#summary">back to summary</a></p>
<h3 id="m18">com.qa.hubspot.tests.LoginPageTest#verifyShowAndHidePasswordLinkText</h3><table class="result"><tr><th class="invisible"/></tr></table><p class="totop"><a href="#summary">back to summary</a></p>
<h2>Regression Functional Regression Test - Chrome</h2><h3 id="m19">com.qa.hubspot.tests.LoginPageTest#verifyEmailAndPasswordLabelText</h3><table class="result"><tr><th class="invisible"/></tr></table><p class="totop"><a href="#summary">back to summary</a></p>
<h3 id="m20">com.qa.hubspot.tests.LoginPageTest#verifyFooterText</h3><table class="result"><tr><th class="invisible"/></tr></table><p class="totop"><a href="#summary">back to summary</a></p>
<h3 id="m21">com.qa.hubspot.tests.LoginPageTest#verifyForgotPasswordLink</h3><table class="result"><tr><th class="invisible"/></tr></table><p class="totop"><a href="#summary">back to summary</a></p>
<h3 id="m22">com.qa.hubspot.tests.LoginPageTest#verifyGoogleAndSSOBtn</h3><table class="result"><tr><th class="invisible"/></tr></table><p class="totop"><a href="#summary">back to summary</a></p>
<h3 id="m23">com.qa.hubspot.tests.LoginPageTest#verifyLoginButtonIsDisabled</h3><table class="result"><tr><th class="invisible"/></tr></table><p class="totop"><a href="#summary">back to summary</a></p>
<h3 id="m24">com.qa.hubspot.tests.LoginPageTest#verifyLoginPageTitleTest</h3><table class="result"><tr><th class="invisible"/></tr></table><p class="totop"><a href="#summary">back to summary</a></p>
<h3 id="m25">com.qa.hubspot.tests.LoginPageTest#verifyNoAccountText</h3><table class="result"><tr><th class="invisible"/></tr></table><p class="totop"><a href="#summary">back to summary</a></p>
<h3 id="m26">com.qa.hubspot.tests.LoginPageTest#verifyRememeberMeCheckBox</h3><table class="result"><tr><th class="invisible"/></tr></table><p class="totop"><a href="#summary">back to summary</a></p>
<h3 id="m27">com.qa.hubspot.tests.LoginPageTest#verifyShowAndHidePasswordLinkText</h3><table class="result"><tr><th class="invisible"/></tr></table><p class="totop"><a href="#summary">back to summary</a></p>
</body>
</html>
